<?xml version="1.0" encoding="UTF-8"?>
<testng-results ignored="0" total="1" passed="1" failed="0" skipped="0">
  <reporter-output>
  </reporter-output>
  <suite started-at="2023-09-13T19:49:43 IST" name="Suite" finished-at="2023-09-13T19:50:05 IST" duration-ms="21609">
    <groups>
    </groups>
    <test started-at="2023-09-13T19:49:43 IST" name="Test" finished-at="2023-09-13T19:50:05 IST" duration-ms="21609">
      <class name="com.assignment.tests.BlogTests">
        <test-method is-config="true" signature="configBeforeClass()[pri:0, instance:com.assignment.tests.BlogTests@17814b1c]" started-at="2023-09-13T19:49:43 IST" name="configBeforeClass" finished-at="2023-09-13T19:49:43 IST" duration-ms="253" status="PASS">
          <reporter-output>
          </reporter-output>
        </test-method> <!-- configBeforeClass -->
        <test-method signature="verifyBlogPageURL()[pri:1, instance:com.assignment.tests.BlogTests@17814b1c]" started-at="2023-09-13T19:49:43 IST" name="verifyBlogPageURL" finished-at="2023-09-13T19:50:04 IST" duration-ms="20415" status="PASS">
          <reporter-output>
          </reporter-output>
        </test-method> <!-- verifyBlogPageURL -->
        <test-method is-config="true" signature="closeBrowser()[pri:0, instance:com.assignment.tests.BlogTests@17814b1c]" started-at="2023-09-13T19:50:04 IST" name="closeBrowser" finished-at="2023-09-13T19:50:05 IST" duration-ms="843" status="PASS">
          <reporter-output>
          </reporter-output>
        </test-method> <!-- closeBrowser -->
      </class> <!-- com.assignment.tests.BlogTests -->
    </test> <!-- Test -->
  </suite> <!-- Suite -->
</testng-results>
